<?xml version="1.0" encoding="UTF-8"?>
<testng-results ignored="3" total="34" passed="31" failed="0" skipped="0">
  <reporter-output>
  </reporter-output>
  <suite started-at="2020-02-16T01:20:55 EST" name="EmployeesRestAPISuite" finished-at="2020-02-16T01:21:21 EST" duration-ms="25938">
    <groups>
    </groups>
    <test started-at="2020-02-16T01:20:55 EST" name="EmployeesRestAPITest" finished-at="2020-02-16T01:21:21 EST" duration-ms="25938">
      <class name="com.employeeapi.testCases.TC003_Post_Employee_Record">
        <test-method is-config="true" signature="setup()[pri:0, instance:com.employeeapi.testCases.TC003_Post_Employee_Record@3c87521]" started-at="2020-02-16T01:21:02 EST" name="setup" finished-at="2020-02-16T01:21:02 EST" duration-ms="17" status="PASS">
          <reporter-output>
          </reporter-output>
        </test-method> <!-- setup -->
        <test-method is-config="true" signature="createEmployee()[pri:0, instance:com.employeeapi.testCases.TC003_Post_Employee_Record@3c87521]" started-at="2020-02-16T01:21:02 EST" name="createEmployee" finished-at="2020-02-16T01:21:08 EST" duration-ms="5476" status="PASS">
          <reporter-output>
          </reporter-output>
        </test-method> <!-- createEmployee -->
        <test-method signature="checkContentType()[pri:0, instance:com.employeeapi.testCases.TC003_Post_Employee_Record@3c87521]" started-at="2020-02-16T01:21:08 EST" name="checkContentType" finished-at="2020-02-16T01:21:08 EST" duration-ms="0" status="PASS">
          <reporter-output>
          </reporter-output>
        </test-method> <!-- checkContentType -->
        <test-method signature="checkResposeBody()[pri:0, instance:com.employeeapi.testCases.TC003_Post_Employee_Record@3c87521]" started-at="2020-02-16T01:21:08 EST" name="checkResposeBody" finished-at="2020-02-16T01:21:08 EST" duration-ms="3" status="PASS">
          <reporter-output>
          </reporter-output>
        </test-method> <!-- checkResposeBody -->
        <test-method signature="checkStatusCode()[pri:0, instance:com.employeeapi.testCases.TC003_Post_Employee_Record@3c87521]" started-at="2020-02-16T01:21:08 EST" name="checkStatusCode" finished-at="2020-02-16T01:21:08 EST" duration-ms="0" status="PASS">
          <reporter-output>
          </reporter-output>
        </test-method> <!-- checkStatusCode -->
        <test-method signature="checkserverType()[pri:0, instance:com.employeeapi.testCases.TC003_Post_Employee_Record@3c87521]" started-at="2020-02-16T01:21:08 EST" name="checkserverType" finished-at="2020-02-16T01:21:08 EST" duration-ms="0" status="PASS">
          <reporter-output>
          </reporter-output>
        </test-method> <!-- checkserverType -->
        <test-method signature="checkstatusLine()[pri:0, instance:com.employeeapi.testCases.TC003_Post_Employee_Record@3c87521]" started-at="2020-02-16T01:21:08 EST" name="checkstatusLine" finished-at="2020-02-16T01:21:08 EST" duration-ms="0" status="PASS">
          <reporter-output>
          </reporter-output>
        </test-method> <!-- checkstatusLine -->
        <test-method is-config="true" signature="tearDown()[pri:0, instance:com.employeeapi.testCases.TC003_Post_Employee_Record@3c87521]" started-at="2020-02-16T01:21:08 EST" name="tearDown" finished-at="2020-02-16T01:21:08 EST" duration-ms="0" status="PASS">
          <reporter-output>
          </reporter-output>
        </test-method> <!-- tearDown -->
      </class> <!-- com.employeeapi.testCases.TC003_Post_Employee_Record -->
      <class name="com.employeeapi.testCases.TC005_Delete_Employee_Record">
        <test-method is-config="true" signature="setup()[pri:0, instance:com.employeeapi.testCases.TC005_Delete_Employee_Record@548a102f]" started-at="2020-02-16T01:21:11 EST" name="setup" finished-at="2020-02-16T01:21:11 EST" duration-ms="17" status="PASS">
          <reporter-output>
          </reporter-output>
        </test-method> <!-- setup -->
        <test-method is-config="true" signature="deleteEmployee()[pri:0, instance:com.employeeapi.testCases.TC005_Delete_Employee_Record@548a102f]" started-at="2020-02-16T01:21:11 EST" name="deleteEmployee" finished-at="2020-02-16T01:21:21 EST" duration-ms="9460" status="PASS">
          <reporter-output>
          </reporter-output>
        </test-method> <!-- deleteEmployee -->
        <test-method signature="checkContentType()[pri:0, instance:com.employeeapi.testCases.TC005_Delete_Employee_Record@548a102f]" started-at="2020-02-16T01:21:21 EST" name="checkContentType" finished-at="2020-02-16T01:21:21 EST" duration-ms="0" status="PASS">
          <reporter-output>
          </reporter-output>
        </test-method> <!-- checkContentType -->
        <test-method signature="checkResposeBody()[pri:0, instance:com.employeeapi.testCases.TC005_Delete_Employee_Record@548a102f]" started-at="2020-02-16T01:21:21 EST" name="checkResposeBody" finished-at="2020-02-16T01:21:21 EST" duration-ms="2" status="PASS">
          <reporter-output>
          </reporter-output>
        </test-method> <!-- checkResposeBody -->
        <test-method signature="checkStatusCode()[pri:0, instance:com.employeeapi.testCases.TC005_Delete_Employee_Record@548a102f]" started-at="2020-02-16T01:21:21 EST" name="checkStatusCode" finished-at="2020-02-16T01:21:21 EST" duration-ms="1" status="PASS">
          <reporter-output>
          </reporter-output>
        </test-method> <!-- checkStatusCode -->
        <test-method signature="checkstatusLine()[pri:0, instance:com.employeeapi.testCases.TC005_Delete_Employee_Record@548a102f]" started-at="2020-02-16T01:21:21 EST" name="checkstatusLine" finished-at="2020-02-16T01:21:21 EST" duration-ms="1" status="PASS">
          <reporter-output>
          </reporter-output>
        </test-method> <!-- checkstatusLine -->
        <test-method signature="checkserverType()[pri:0, instance:com.employeeapi.testCases.TC005_Delete_Employee_Record@548a102f]" started-at="2020-02-16T01:21:21 EST" name="checkserverType" finished-at="2020-02-16T01:21:21 EST" duration-ms="0" status="PASS">
          <reporter-output>
          </reporter-output>
        </test-method> <!-- checkserverType -->
        <test-method is-config="true" signature="tearDown()[pri:0, instance:com.employeeapi.testCases.TC005_Delete_Employee_Record@548a102f]" started-at="2020-02-16T01:21:21 EST" name="tearDown" finished-at="2020-02-16T01:21:21 EST" duration-ms="1" status="PASS">
          <reporter-output>
          </reporter-output>
        </test-method> <!-- tearDown -->
      </class> <!-- com.employeeapi.testCases.TC005_Delete_Employee_Record -->
      <class name="com.employeeapi.testCases.TC001_Get_All_Employees">
        <test-method is-config="true" signature="setup()[pri:0, instance:com.employeeapi.testCases.TC001_Get_All_Employees@212bf671]" started-at="2020-02-16T01:20:55 EST" name="setup" finished-at="2020-02-16T01:20:55 EST" duration-ms="34" status="PASS">
          <reporter-output>
          </reporter-output>
        </test-method> <!-- setup -->
        <test-method is-config="true" signature="getAllEmployees()[pri:0, instance:com.employeeapi.testCases.TC001_Get_All_Employees@212bf671]" started-at="2020-02-16T01:20:55 EST" name="getAllEmployees" finished-at="2020-02-16T01:20:57 EST" duration-ms="1636" status="PASS">
          <reporter-output>
          </reporter-output>
        </test-method> <!-- getAllEmployees -->
        <test-method signature="checkContentEncoding()[pri:0, instance:com.employeeapi.testCases.TC001_Get_All_Employees@212bf671]" started-at="2020-02-16T01:20:57 EST" name="checkContentEncoding" finished-at="2020-02-16T01:20:57 EST" duration-ms="3" status="PASS">
          <reporter-output>
          </reporter-output>
        </test-method> <!-- checkContentEncoding -->
        <test-method signature="checkContentLength()[pri:0, instance:com.employeeapi.testCases.TC001_Get_All_Employees@212bf671]" started-at="2020-02-16T01:20:57 EST" name="checkContentLength" finished-at="2020-02-16T01:20:57 EST" duration-ms="1" status="PASS">
          <reporter-output>
          </reporter-output>
        </test-method> <!-- checkContentLength -->
        <test-method signature="checkContentType()[pri:0, instance:com.employeeapi.testCases.TC001_Get_All_Employees@212bf671]" started-at="2020-02-16T01:20:57 EST" name="checkContentType" finished-at="2020-02-16T01:20:57 EST" duration-ms="1" status="PASS">
          <reporter-output>
          </reporter-output>
        </test-method> <!-- checkContentType -->
        <test-method signature="checkCookies()[pri:0, instance:com.employeeapi.testCases.TC001_Get_All_Employees@212bf671]" started-at="2020-02-16T01:20:57 EST" name="checkCookies" finished-at="2020-02-16T01:20:57 EST" duration-ms="1" status="PASS">
          <reporter-output>
          </reporter-output>
        </test-method> <!-- checkCookies -->
        <test-method signature="checkResponseBody()[pri:0, instance:com.employeeapi.testCases.TC001_Get_All_Employees@212bf671]" started-at="2020-02-16T01:20:57 EST" name="checkResponseBody" finished-at="2020-02-16T01:20:57 EST" duration-ms="40" status="PASS">
          <reporter-output>
          </reporter-output>
        </test-method> <!-- checkResponseBody -->
        <test-method signature="checkResponseTime()[pri:0, instance:com.employeeapi.testCases.TC001_Get_All_Employees@212bf671]" started-at="2020-02-16T01:20:57 EST" name="checkResponseTime" finished-at="2020-02-16T01:20:57 EST" duration-ms="4" status="PASS">
          <reporter-output>
          </reporter-output>
        </test-method> <!-- checkResponseTime -->
        <test-method signature="checkServerType()[pri:0, instance:com.employeeapi.testCases.TC001_Get_All_Employees@212bf671]" started-at="2020-02-16T01:20:57 EST" name="checkServerType" finished-at="2020-02-16T01:20:57 EST" duration-ms="1" status="PASS">
          <reporter-output>
          </reporter-output>
        </test-method> <!-- checkServerType -->
        <test-method signature="checkStatusCode()[pri:0, instance:com.employeeapi.testCases.TC001_Get_All_Employees@212bf671]" started-at="2020-02-16T01:20:57 EST" name="checkStatusCode" finished-at="2020-02-16T01:20:57 EST" duration-ms="7" status="PASS">
          <reporter-output>
          </reporter-output>
        </test-method> <!-- checkStatusCode -->
        <test-method signature="checkStatusLine()[pri:0, instance:com.employeeapi.testCases.TC001_Get_All_Employees@212bf671]" started-at="2020-02-16T01:20:57 EST" name="checkStatusLine" finished-at="2020-02-16T01:20:57 EST" duration-ms="1" status="PASS">
          <reporter-output>
          </reporter-output>
        </test-method> <!-- checkStatusLine -->
        <test-method is-config="true" signature="tearDown()[pri:0, instance:com.employeeapi.testCases.TC001_Get_All_Employees@212bf671]" started-at="2020-02-16T01:20:57 EST" name="tearDown" finished-at="2020-02-16T01:20:57 EST" duration-ms="0" status="PASS">
          <reporter-output>
          </reporter-output>
        </test-method> <!-- tearDown -->
      </class> <!-- com.employeeapi.testCases.TC001_Get_All_Employees -->
      <class name="com.employeeapi.testCases.TC004_Put_Employee_Record">
        <test-method is-config="true" signature="setup()[pri:0, instance:com.employeeapi.testCases.TC004_Put_Employee_Record@2aece37d]" started-at="2020-02-16T01:21:08 EST" name="setup" finished-at="2020-02-16T01:21:08 EST" duration-ms="13" status="PASS">
          <reporter-output>
          </reporter-output>
        </test-method> <!-- setup -->
        <test-method is-config="true" signature="updateEmployee()[pri:0, instance:com.employeeapi.testCases.TC004_Put_Employee_Record@2aece37d]" started-at="2020-02-16T01:21:08 EST" name="updateEmployee" finished-at="2020-02-16T01:21:11 EST" duration-ms="3508" status="PASS">
          <reporter-output>
          </reporter-output>
        </test-method> <!-- updateEmployee -->
        <test-method signature="checkContentType()[pri:0, instance:com.employeeapi.testCases.TC004_Put_Employee_Record@2aece37d]" started-at="2020-02-16T01:21:11 EST" name="checkContentType" finished-at="2020-02-16T01:21:11 EST" duration-ms="0" status="PASS">
          <reporter-output>
          </reporter-output>
        </test-method> <!-- checkContentType -->
        <test-method signature="checkResposeBody()[pri:0, instance:com.employeeapi.testCases.TC004_Put_Employee_Record@2aece37d]" started-at="2020-02-16T01:21:11 EST" name="checkResposeBody" finished-at="2020-02-16T01:21:11 EST" duration-ms="4" status="PASS">
          <reporter-output>
          </reporter-output>
        </test-method> <!-- checkResposeBody -->
        <test-method signature="checkStatusCode()[pri:0, instance:com.employeeapi.testCases.TC004_Put_Employee_Record@2aece37d]" started-at="2020-02-16T01:21:11 EST" name="checkStatusCode" finished-at="2020-02-16T01:21:11 EST" duration-ms="0" status="PASS">
          <reporter-output>
          </reporter-output>
        </test-method> <!-- checkStatusCode -->
        <test-method signature="checkserverType()[pri:0, instance:com.employeeapi.testCases.TC004_Put_Employee_Record@2aece37d]" started-at="2020-02-16T01:21:11 EST" name="checkserverType" finished-at="2020-02-16T01:21:11 EST" duration-ms="0" status="PASS">
          <reporter-output>
          </reporter-output>
        </test-method> <!-- checkserverType -->
        <test-method signature="checkstatusLine()[pri:0, instance:com.employeeapi.testCases.TC004_Put_Employee_Record@2aece37d]" started-at="2020-02-16T01:21:11 EST" name="checkstatusLine" finished-at="2020-02-16T01:21:11 EST" duration-ms="0" status="PASS">
          <reporter-output>
          </reporter-output>
        </test-method> <!-- checkstatusLine -->
        <test-method is-config="true" signature="tearDown()[pri:0, instance:com.employeeapi.testCases.TC004_Put_Employee_Record@2aece37d]" started-at="2020-02-16T01:21:11 EST" name="tearDown" finished-at="2020-02-16T01:21:11 EST" duration-ms="2" status="PASS">
          <reporter-output>
          </reporter-output>
        </test-method> <!-- tearDown -->
      </class> <!-- com.employeeapi.testCases.TC004_Put_Employee_Record -->
      <class name="com.employeeapi.testCases.TC002_Get_Single_Employee_Record">
        <test-method is-config="true" signature="setup()[pri:0, instance:com.employeeapi.testCases.TC002_Get_Single_Employee_Record@14a2f921]" started-at="2020-02-16T01:20:57 EST" name="setup" finished-at="2020-02-16T01:20:57 EST" duration-ms="23" status="PASS">
          <reporter-output>
          </reporter-output>
        </test-method> <!-- setup -->
        <test-method is-config="true" signature="getEmployeeData()[pri:0, instance:com.employeeapi.testCases.TC002_Get_Single_Employee_Record@14a2f921]" started-at="2020-02-16T01:20:57 EST" name="getEmployeeData" finished-at="2020-02-16T01:21:02 EST" duration-ms="5500" status="PASS">
          <reporter-output>
          </reporter-output>
        </test-method> <!-- getEmployeeData -->
        <test-method signature="checkContentLenght()[pri:0, instance:com.employeeapi.testCases.TC002_Get_Single_Employee_Record@14a2f921]" started-at="2020-02-16T01:21:02 EST" name="checkContentLenght" finished-at="2020-02-16T01:21:02 EST" duration-ms="2" status="PASS">
          <reporter-output>
          </reporter-output>
        </test-method> <!-- checkContentLenght -->
        <test-method signature="checkContentType()[pri:0, instance:com.employeeapi.testCases.TC002_Get_Single_Employee_Record@14a2f921]" started-at="2020-02-16T01:21:02 EST" name="checkContentType" finished-at="2020-02-16T01:21:02 EST" duration-ms="0" status="PASS">
          <reporter-output>
          </reporter-output>
        </test-method> <!-- checkContentType -->
        <test-method signature="checkResponseTime()[pri:0, instance:com.employeeapi.testCases.TC002_Get_Single_Employee_Record@14a2f921]" started-at="2020-02-16T01:21:02 EST" name="checkResponseTime" finished-at="2020-02-16T01:21:02 EST" duration-ms="0" status="PASS">
          <reporter-output>
          </reporter-output>
        </test-method> <!-- checkResponseTime -->
        <test-method signature="checkResposeBody()[pri:0, instance:com.employeeapi.testCases.TC002_Get_Single_Employee_Record@14a2f921]" started-at="2020-02-16T01:21:02 EST" name="checkResposeBody" finished-at="2020-02-16T01:21:02 EST" duration-ms="2" status="PASS">
          <reporter-output>
          </reporter-output>
        </test-method> <!-- checkResposeBody -->
        <test-method signature="checkStatusCode()[pri:0, instance:com.employeeapi.testCases.TC002_Get_Single_Employee_Record@14a2f921]" started-at="2020-02-16T01:21:02 EST" name="checkStatusCode" finished-at="2020-02-16T01:21:02 EST" duration-ms="1" status="PASS">
          <reporter-output>
          </reporter-output>
        </test-method> <!-- checkStatusCode -->
        <test-method signature="checkserverType()[pri:0, instance:com.employeeapi.testCases.TC002_Get_Single_Employee_Record@14a2f921]" started-at="2020-02-16T01:21:02 EST" name="checkserverType" finished-at="2020-02-16T01:21:02 EST" duration-ms="0" status="PASS">
          <reporter-output>
          </reporter-output>
        </test-method> <!-- checkserverType -->
        <test-method signature="checkstatusLine()[pri:0, instance:com.employeeapi.testCases.TC002_Get_Single_Employee_Record@14a2f921]" started-at="2020-02-16T01:21:02 EST" name="checkstatusLine" finished-at="2020-02-16T01:21:02 EST" duration-ms="0" status="PASS">
          <reporter-output>
          </reporter-output>
        </test-method> <!-- checkstatusLine -->
        <test-method is-config="true" signature="tearDown()[pri:0, instance:com.employeeapi.testCases.TC002_Get_Single_Employee_Record@14a2f921]" started-at="2020-02-16T01:21:02 EST" name="tearDown" finished-at="2020-02-16T01:21:02 EST" duration-ms="0" status="PASS">
          <reporter-output>
          </reporter-output>
        </test-method> <!-- tearDown -->
      </class> <!-- com.employeeapi.testCases.TC002_Get_Single_Employee_Record -->
    </test> <!-- EmployeesRestAPITest -->
  </suite> <!-- EmployeesRestAPISuite -->
</testng-results>
